<?xml version="1.0" ?>
<ProUnitExecutionLog status="Success" timestamp="21/10/13 - 08:27:07"><TestCase name="tests\ProgressSymbolTableTests.p" seq="1" status="Success"><Test FirstAssertFailed="0" TotalTime="2" message="" name="testCanNewUpASymbolTable" seq="1" status="Success"/><Test FirstAssertFailed="0" TotalTime="0" message="" name="testWhenAKeyIsAdded_ThenTheSymbolTableShouldContainTheKey" seq="2" status="Success"/><Test FirstAssertFailed="0" TotalTime="0" message="" name="testWhenGettingAKey_GivenANewSymbolTable_ThenTheValueShouldBeNull" seq="3" status="Success"/><Test FirstAssertFailed="0" TotalTime="1" message="" name="testWhenGettingAKey_Given2NewSymbolTables_ThenSymbolTablesShouldBeThereOwnInstances" seq="4" status="Success"/><Test FirstAssertFailed="0" TotalTime="1" message="" name="testWhenGivingASymbolTableToAQueryHandler_ThenTheQueryHandlerShouldGetTheReference" seq="5" status="Success"/><Test FirstAssertFailed="0" TotalTime="0" message="" name="testGivenANewSymbolTable_ThenThereShouldBeZeroItems" seq="6" status="Success"/><Test FirstAssertFailed="0" TotalTime="0" message="" name="testGivenASymbolTable_WhenWeAddAKey_ThenTheKeyCountShouldBe1" seq="7" status="Success"/><Test FirstAssertFailed="0" TotalTime="0" message="" name="testGivenASymbolTable_WeShouldBeAbleToRemoveAKey_ThenTheSymbolTableShouldNotHaveThatKey" seq="8" status="Success"/><Test FirstAssertFailed="0" TotalTime="0" message="" name="testGivenASymbolTable_WeShouldBeAbleToRemoveAKey_ThenTheCountOfKeysShouldBeReduced" seq="9" status="Success"/></TestCase></ProUnitExecutionLog>